[2017-01-11 15:41:33] START
[2017-01-19 14:46:46] EDIT CallOfAdventure/models/db.py: -33
[2017-01-19 14:47:29] EDIT CallOfAdventure/controllers/default.py: 1
[2017-01-19 14:48:16] EDIT CallOfAdventure/controllers/default.py: 0
[2017-01-19 14:50:02] EDIT CallOfAdventure/models/db.py: -5
[2017-01-19 14:50:58] EDIT CallOfAdventure/models/db.py: 0
[2017-01-19 14:51:19] EDIT CallOfAdventure/models/db.py: 0
[2017-01-19 14:53:25] EDIT CallOfAdventure/models/menu.py: -5
[2017-01-19 14:54:41] EDIT CallOfAdventure/controllers/default.py: 0
[2017-01-19 14:54:46] EDIT CallOfAdventure/models/db.py: 3
[2017-01-19 14:57:09] EDIT CallOfAdventure/views/default/index.html: 7
[2017-01-19 14:57:50] EDIT CallOfAdventure/views/default/index.html: 0
[2017-01-19 15:00:05] EDIT CallOfAdventure/controllers/default.py: 3
[2017-01-19 15:03:18] EDIT CallOfAdventure/views/default/index.html: 0
[2017-01-19 15:03:22] EDIT CallOfAdventure/controllers/default.py: -1
[2017-01-19 15:05:49] EDIT CallOfAdventure/controllers/default.py: 1
[2017-01-19 15:06:06] EDIT CallOfAdventure/views/default/index.html: 0
[2017-01-19 15:06:09] EDIT CallOfAdventure/controllers/default.py: 0
[2017-01-19 15:07:01] CREATE default/showQuest.html: 0
[2017-01-19 15:08:23] EDIT CallOfAdventure/views/default/showQuest.html: 0
[2017-01-19 15:08:28] EDIT CallOfAdventure/views/default/index.html: 0
[2017-01-19 15:10:18] EDIT CallOfAdventure/controllers/default.py: 3
[2017-01-19 15:10:41] CREATE default/add_quest.html: 0
[2017-01-19 15:11:13] CREATE default/addQuest.html: 0
[2017-01-19 15:11:35] EDIT CallOfAdventure/views/default/addQuest.html: 0
[2017-01-19 15:13:47] EDIT CallOfAdventure/views/default/showQuest.html: 1
[2017-01-19 15:15:09] EDIT CallOfAdventure/controllers/default.py: 1
[2017-01-19 15:15:35] EDIT CallOfAdventure/controllers/default.py: 1
[2017-01-19 15:17:47] EDIT CallOfAdventure/views/default/showQuest.html: 1
