timestamp: 2017-03-03T22:17:20.789000
CREATE TABLE equip_types(
    id INTEGER PRIMARY KEY AUTOINCREMENT,
    name CHAR(512)
);
success!
timestamp: 2017-03-03T22:17:20.971000
CREATE TABLE equip_items(
    id INTEGER PRIMARY KEY AUTOINCREMENT,
    name CHAR(512),
    attack INTEGER,
    defense INTEGER,
    speed INTEGER,
    cost INTEGER,
    category INTEGER REFERENCES equip_types (id) ON DELETE CASCADE  ,
    details TEXT
);
success!
timestamp: 2017-03-03T22:17:21.082000
CREATE TABLE loadouts(
    id INTEGER PRIMARY KEY AUTOINCREMENT,
    name CHAR(512),
    equip_list TEXT
);
success!
timestamp: 2017-03-03T22:17:21.205000
CREATE TABLE auth_user(
    id INTEGER PRIMARY KEY AUTOINCREMENT,
    first_name CHAR(128),
    last_name CHAR(128),
    email CHAR(512),
    username CHAR(128),
    password CHAR(512),
    registration_key CHAR(512),
    reset_password_key CHAR(512),
    registration_id CHAR(512),
    gold INTEGER,
    rare_ore INTEGER,
    cost_to_hire INTEGER,
    inventory TEXT,
    curr_loadout INTEGER REFERENCES loadouts (id) ON DELETE CASCADE  ,
    saved_loadouts TEXT
);
success!
timestamp: 2017-03-03T22:17:21.333000
CREATE TABLE auth_group(
    id INTEGER PRIMARY KEY AUTOINCREMENT,
    role CHAR(512),
    description TEXT
);
success!
timestamp: 2017-03-03T22:17:21.410000
CREATE TABLE auth_membership(
    id INTEGER PRIMARY KEY AUTOINCREMENT,
    user_id INTEGER REFERENCES auth_user (id) ON DELETE CASCADE  ,
    group_id INTEGER REFERENCES auth_group (id) ON DELETE CASCADE  
);
success!
timestamp: 2017-03-03T22:17:21.500000
CREATE TABLE auth_permission(
    id INTEGER PRIMARY KEY AUTOINCREMENT,
    group_id INTEGER REFERENCES auth_group (id) ON DELETE CASCADE  ,
    name CHAR(512),
    table_name CHAR(512),
    record_id INTEGER
);
success!
timestamp: 2017-03-03T22:17:21.600000
CREATE TABLE auth_event(
    id INTEGER PRIMARY KEY AUTOINCREMENT,
    time_stamp TIMESTAMP,
    client_ip CHAR(512),
    user_id INTEGER REFERENCES auth_user (id) ON DELETE CASCADE  ,
    origin CHAR(512),
    description TEXT
);
success!
timestamp: 2017-03-03T22:17:21.687000
CREATE TABLE auth_cas(
    id INTEGER PRIMARY KEY AUTOINCREMENT,
    user_id INTEGER REFERENCES auth_user (id) ON DELETE CASCADE  ,
    created_on TIMESTAMP,
    service CHAR(512),
    ticket CHAR(512),
    renew CHAR(1)
);
success!
timestamp: 2017-03-03T22:17:21.787000
CREATE TABLE quests(
    id INTEGER PRIMARY KEY AUTOINCREMENT,
    title CHAR(512),
    quest_giver INTEGER REFERENCES auth_user (id) ON DELETE CASCADE  ,
    gold INTEGER,
    prestige INTEGER,
    difficulty INTEGER,
    location CHAR(512),
    loot_items TEXT,
    details TEXT
);
success!
timestamp: 2017-03-03T22:17:21.949000
CREATE TABLE posts(
    id INTEGER PRIMARY KEY AUTOINCREMENT,
    author INTEGER REFERENCES auth_user (id) ON DELETE CASCADE  ,
    title CHAR(512),
    body TEXT,
    category CHAR(512),
    post_date TIMESTAMP
);
success!
timestamp: 2017-03-03T22:17:22.063000
CREATE TABLE image(
    id INTEGER PRIMARY KEY AUTOINCREMENT,
    title CHAR(512) UNIQUE,
    file CHAR(512)
);
success!
